0000              1   ;--------------------------------------------------------
0000              2   ; File Created by C51
0000              3   ; Version 1.0.0 #1069 (Apr 23 2015) (MSVC)
0000              4   ; This file was generated Sun Feb 26 16:39:48 2017
0000              5   ;--------------------------------------------------------
                  5   $name PeriodF38x
                  6   $optc51 --model-small
                  7   $printf_float
0000              9            R_DSEG    segment data
0000             10            R_CSEG    segment code
0000             11            R_BSEG    segment bit
0000             12            R_XSEG    segment xdata
0000             13            R_PSEG    segment xdata
0000             14            R_ISEG    segment idata
0000             15            R_OSEG    segment data overlay
0000             16            BIT_BANK  segment data overlay
0000             17            R_HOME    segment code
0000             18            R_GSINIT  segment code
0000             19            R_IXSEG   segment xdata
0000             20            R_CONST   segment code
0000             21            R_XINIT   segment code
0000             22            R_DINIT   segment code
0000             23   
0000             24   ;--------------------------------------------------------
0000             25   ; Public variables in this module
0000             26   ;--------------------------------------------------------
0000             27            public _main
0000             28            public _TIMER0_Init
0000             29            public _UART0_Init
0000             30            public _SYSCLK_Init
0000             31            public _PORT_Init
0000             32            public _overflow_count
0000             33   ;--------------------------------------------------------
0000             34   ; Special Function Registers
0000             35   ;--------------------------------------------------------
0000             36   _P0             DATA 0x80
0000             37   _SP             DATA 0x81
0000             38   _DPL            DATA 0x82
0000             39   _DPH            DATA 0x83
0000             40   _EMI0TC         DATA 0x84
0000             41   _EMI0CF         DATA 0x85
0000             42   _OSCLCN         DATA 0x86
0000             43   _PCON           DATA 0x87
0000             44   _TCON           DATA 0x88
0000             45   _TMOD           DATA 0x89
0000             46   _TL0            DATA 0x8a
0000             47   _TL1            DATA 0x8b
0000             48   _TH0            DATA 0x8c
0000             49   _TH1            DATA 0x8d
0000             50   _CKCON          DATA 0x8e
0000             51   _PSCTL          DATA 0x8f
0000             52   _P1             DATA 0x90
0000             53   _TMR3CN         DATA 0x91
0000             54   _TMR4CN         DATA 0x91
0000             55   _TMR3RLL        DATA 0x92
0000             56   _TMR4RLL        DATA 0x92
0000             57   _TMR3RLH        DATA 0x93
0000             58   _TMR4RLH        DATA 0x93
0000             59   _TMR3L          DATA 0x94
0000             60   _TMR4L          DATA 0x94
0000             61   _TMR3H          DATA 0x95
0000             62   _TMR4H          DATA 0x95
0000             63   _USB0ADR        DATA 0x96
0000             64   _USB0DAT        DATA 0x97
0000             65   _SCON           DATA 0x98
0000             66   _SCON0          DATA 0x98
0000             67   _SBUF           DATA 0x99
0000             68   _SBUF0          DATA 0x99
0000             69   _CPT1CN         DATA 0x9a
0000             70   _CPT0CN         DATA 0x9b
0000             71   _CPT1MD         DATA 0x9c
0000             72   _CPT0MD         DATA 0x9d
0000             73   _CPT1MX         DATA 0x9e
0000             74   _CPT0MX         DATA 0x9f
0000             75   _P2             DATA 0xa0
0000             76   _SPI0CFG        DATA 0xa1
0000             77   _SPI0CKR        DATA 0xa2
0000             78   _SPI0DAT        DATA 0xa3
0000             79   _P0MDOUT        DATA 0xa4
0000             80   _P1MDOUT        DATA 0xa5
0000             81   _P2MDOUT        DATA 0xa6
0000             82   _P3MDOUT        DATA 0xa7
0000             83   _IE             DATA 0xa8
0000             84   _CLKSEL         DATA 0xa9
0000             85   _EMI0CN         DATA 0xaa
0000             86   __XPAGE         DATA 0xaa
0000             87   _SBCON1         DATA 0xac
0000             88   _P4MDOUT        DATA 0xae
0000             89   _PFE0CN         DATA 0xaf
0000             90   _P3             DATA 0xb0
0000             91   _OSCXCN         DATA 0xb1
0000             92   _OSCICN         DATA 0xb2
0000             93   _OSCICL         DATA 0xb3
0000             94   _SBRLL1         DATA 0xb4
0000             95   _SBRLH1         DATA 0xb5
0000             96   _FLSCL          DATA 0xb6
0000             97   _FLKEY          DATA 0xb7
0000             98   _IP             DATA 0xb8
0000             99   _CLKMUL         DATA 0xb9
0000            100   _SMBTC          DATA 0xb9
0000            101   _AMX0N          DATA 0xba
0000            102   _AMX0P          DATA 0xbb
0000            103   _ADC0CF         DATA 0xbc
0000            104   _ADC0L          DATA 0xbd
0000            105   _ADC0H          DATA 0xbe
0000            106   _SFRPAGE        DATA 0xbf
0000            107   _SMB0CN         DATA 0xc0
0000            108   _SMB1CN         DATA 0xc0
0000            109   _SMB0CF         DATA 0xc1
0000            110   _SMB1CF         DATA 0xc1
0000            111   _SMB0DAT        DATA 0xc2
0000            112   _SMB1DAT        DATA 0xc2
0000            113   _ADC0GTL        DATA 0xc3
0000            114   _ADC0GTH        DATA 0xc4
0000            115   _ADC0LTL        DATA 0xc5
0000            116   _ADC0LTH        DATA 0xc6
0000            117   _P4             DATA 0xc7
0000            118   _TMR2CN         DATA 0xc8
0000            119   _TMR5CN         DATA 0xc8
0000            120   _REG01CN        DATA 0xc9
0000            121   _TMR2RLL        DATA 0xca
0000            122   _TMR5RLL        DATA 0xca
0000            123   _TMR2RLH        DATA 0xcb
0000            124   _TMR5RLH        DATA 0xcb
0000            125   _TMR2L          DATA 0xcc
0000            126   _TMR5L          DATA 0xcc
0000            127   _TMR2H          DATA 0xcd
0000            128   _TMR5H          DATA 0xcd
0000            129   _SMB0ADM        DATA 0xce
0000            130   _SMB1ADM        DATA 0xce
0000            131   _SMB0ADR        DATA 0xcf
0000            132   _SMB1ADR        DATA 0xcf
0000            133   _PSW            DATA 0xd0
0000            134   _REF0CN         DATA 0xd1
0000            135   _SCON1          DATA 0xd2
0000            136   _SBUF1          DATA 0xd3
0000            137   _P0SKIP         DATA 0xd4
0000            138   _P1SKIP         DATA 0xd5
0000            139   _P2SKIP         DATA 0xd6
0000            140   _USB0XCN        DATA 0xd7
0000            141   _PCA0CN         DATA 0xd8
0000            142   _PCA0MD         DATA 0xd9
0000            143   _PCA0CPM0       DATA 0xda
0000            144   _PCA0CPM1       DATA 0xdb
0000            145   _PCA0CPM2       DATA 0xdc
0000            146   _PCA0CPM3       DATA 0xdd
0000            147   _PCA0CPM4       DATA 0xde
0000            148   _P3SKIP         DATA 0xdf
0000            149   _ACC            DATA 0xe0
0000            150   _XBR0           DATA 0xe1
0000            151   _XBR1           DATA 0xe2
0000            152   _XBR2           DATA 0xe3
0000            153   _IT01CF         DATA 0xe4
0000            154   _CKCON1         DATA 0xe4
0000            155   _SMOD1          DATA 0xe5
0000            156   _EIE1           DATA 0xe6
0000            157   _EIE2           DATA 0xe7
0000            158   _ADC0CN         DATA 0xe8
0000            159   _PCA0CPL1       DATA 0xe9
0000            160   _PCA0CPH1       DATA 0xea
0000            161   _PCA0CPL2       DATA 0xeb
0000            162   _PCA0CPH2       DATA 0xec
0000            163   _PCA0CPL3       DATA 0xed
0000            164   _PCA0CPH3       DATA 0xee
0000            165   _RSTSRC         DATA 0xef
0000            166   _B              DATA 0xf0
0000            167   _P0MDIN         DATA 0xf1
0000            168   _P1MDIN         DATA 0xf2
0000            169   _P2MDIN         DATA 0xf3
0000            170   _P3MDIN         DATA 0xf4
0000            171   _P4MDIN         DATA 0xf5
0000            172   _EIP1           DATA 0xf6
0000            173   _EIP2           DATA 0xf7
0000            174   _SPI0CN         DATA 0xf8
0000            175   _PCA0L          DATA 0xf9
0000            176   _PCA0H          DATA 0xfa
0000            177   _PCA0CPL0       DATA 0xfb
0000            178   _PCA0CPH0       DATA 0xfc
0000            179   _PCA0CPL4       DATA 0xfd
0000            180   _PCA0CPH4       DATA 0xfe
0000            181   _VDM0CN         DATA 0xff
0000            182   _DPTR           DATA 0x8382
0000            183   _TMR2RL         DATA 0xcbca
0000            184   _TMR3RL         DATA 0x9392
0000            185   _TMR4RL         DATA 0x9392
0000            186   _TMR5RL         DATA 0xcbca
0000            187   _TMR2           DATA 0xcdcc
0000            188   _TMR3           DATA 0x9594
0000            189   _TMR4           DATA 0x9594
0000            190   _TMR5           DATA 0xcdcc
0000            191   _SBRL1          DATA 0xb5b4
0000            192   _ADC0           DATA 0xbebd
0000            193   _ADC0GT         DATA 0xc4c3
0000            194   _ADC0LT         DATA 0xc6c5
0000            195   _PCA0           DATA 0xfaf9
0000            196   _PCA0CP1        DATA 0xeae9
0000            197   _PCA0CP2        DATA 0xeceb
0000            198   _PCA0CP3        DATA 0xeeed
0000            199   _PCA0CP0        DATA 0xfcfb
0000            200   _PCA0CP4        DATA 0xfefd
0000            201   ;--------------------------------------------------------
0000            202   ; special function bits
0000            203   ;--------------------------------------------------------
0000            204   _P0_0           BIT 0x80
0000            205   _P0_1           BIT 0x81
0000            206   _P0_2           BIT 0x82
0000            207   _P0_3           BIT 0x83
0000            208   _P0_4           BIT 0x84
0000            209   _P0_5           BIT 0x85
0000            210   _P0_6           BIT 0x86
0000            211   _P0_7           BIT 0x87
0000            212   _TF1            BIT 0x8f
0000            213   _TR1            BIT 0x8e
0000            214   _TF0            BIT 0x8d
0000            215   _TR0            BIT 0x8c
0000            216   _IE1            BIT 0x8b
0000            217   _IT1            BIT 0x8a
0000            218   _IE0            BIT 0x89
0000            219   _IT0            BIT 0x88
0000            220   _P1_0           BIT 0x90
0000            221   _P1_1           BIT 0x91
0000            222   _P1_2           BIT 0x92
0000            223   _P1_3           BIT 0x93
0000            224   _P1_4           BIT 0x94
0000            225   _P1_5           BIT 0x95
0000            226   _P1_6           BIT 0x96
0000            227   _P1_7           BIT 0x97
0000            228   _S0MODE         BIT 0x9f
0000            229   _SCON0_6        BIT 0x9e
0000            230   _MCE0           BIT 0x9d
0000            231   _REN0           BIT 0x9c
0000            232   _TB80           BIT 0x9b
0000            233   _RB80           BIT 0x9a
0000            234   _TI0            BIT 0x99
0000            235   _RI0            BIT 0x98
0000            236   _SCON_6         BIT 0x9e
0000            237   _MCE            BIT 0x9d
0000            238   _REN            BIT 0x9c
0000            239   _TB8            BIT 0x9b
0000            240   _RB8            BIT 0x9a
0000            241   _TI             BIT 0x99
0000            242   _RI             BIT 0x98
0000            243   _P2_0           BIT 0xa0
0000            244   _P2_1           BIT 0xa1
0000            245   _P2_2           BIT 0xa2
0000            246   _P2_3           BIT 0xa3
0000            247   _P2_4           BIT 0xa4
0000            248   _P2_5           BIT 0xa5
0000            249   _P2_6           BIT 0xa6
0000            250   _P2_7           BIT 0xa7
0000            251   _EA             BIT 0xaf
0000            252   _ESPI0          BIT 0xae
0000            253   _ET2            BIT 0xad
0000            254   _ES0            BIT 0xac
0000            255   _ET1            BIT 0xab
0000            256   _EX1            BIT 0xaa
0000            257   _ET0            BIT 0xa9
0000            258   _EX0            BIT 0xa8
0000            259   _P3_0           BIT 0xb0
0000            260   _P3_1           BIT 0xb1
0000            261   _P3_2           BIT 0xb2
0000            262   _P3_3           BIT 0xb3
0000            263   _P3_4           BIT 0xb4
0000            264   _P3_5           BIT 0xb5
0000            265   _P3_6           BIT 0xb6
0000            266   _P3_7           BIT 0xb7
0000            267   _IP_7           BIT 0xbf
0000            268   _PSPI0          BIT 0xbe
0000            269   _PT2            BIT 0xbd
0000            270   _PS0            BIT 0xbc
0000            271   _PT1            BIT 0xbb
0000            272   _PX1            BIT 0xba
0000            273   _PT0            BIT 0xb9
0000            274   _PX0            BIT 0xb8
0000            275   _MASTER0        BIT 0xc7
0000            276   _TXMODE0        BIT 0xc6
0000            277   _STA0           BIT 0xc5
0000            278   _STO0           BIT 0xc4
0000            279   _ACKRQ0         BIT 0xc3
0000            280   _ARBLOST0       BIT 0xc2
0000            281   _ACK0           BIT 0xc1
0000            282   _SI0            BIT 0xc0
0000            283   _MASTER1        BIT 0xc7
0000            284   _TXMODE1        BIT 0xc6
0000            285   _STA1           BIT 0xc5
0000            286   _STO1           BIT 0xc4
0000            287   _ACKRQ1         BIT 0xc3
0000            288   _ARBLOST1       BIT 0xc2
0000            289   _ACK1           BIT 0xc1
0000            290   _SI1            BIT 0xc0
0000            291   _TF2            BIT 0xcf
0000            292   _TF2H           BIT 0xcf
0000            293   _TF2L           BIT 0xce
0000            294   _TF2LEN         BIT 0xcd
0000            295   _TF2CEN         BIT 0xcc
0000            296   _T2SPLIT        BIT 0xcb
0000            297   _TR2            BIT 0xca
0000            298   _T2CSS          BIT 0xc9
0000            299   _T2XCLK         BIT 0xc8
0000            300   _TF5H           BIT 0xcf
0000            301   _TF5L           BIT 0xce
0000            302   _TF5LEN         BIT 0xcd
0000            303   _TMR5CN_4       BIT 0xcc
0000            304   _T5SPLIT        BIT 0xcb
0000            305   _TR5            BIT 0xca
0000            306   _TMR5CN_1       BIT 0xc9
0000            307   _T5XCLK         BIT 0xc8
0000            308   _CY             BIT 0xd7
0000            309   _AC             BIT 0xd6
0000            310   _F0             BIT 0xd5
0000            311   _RS1            BIT 0xd4
0000            312   _RS0            BIT 0xd3
0000            313   _OV             BIT 0xd2
0000            314   _F1             BIT 0xd1
0000            315   _PARITY         BIT 0xd0
0000            316   _CF             BIT 0xdf
0000            317   _CR             BIT 0xde
0000            318   _PCA0CN_5       BIT 0xde
0000            319   _CCF4           BIT 0xdc
0000            320   _CCF3           BIT 0xdb
0000            321   _CCF2           BIT 0xda
0000            322   _CCF1           BIT 0xd9
0000            323   _CCF0           BIT 0xd8
0000            324   _ACC_7          BIT 0xe7
0000            325   _ACC_6          BIT 0xe6
0000            326   _ACC_5          BIT 0xe5
0000            327   _ACC_4          BIT 0xe4
0000            328   _ACC_3          BIT 0xe3
0000            329   _ACC_2          BIT 0xe2
0000            330   _ACC_1          BIT 0xe1
0000            331   _ACC_0          BIT 0xe0
0000            332   _AD0EN          BIT 0xef
0000            333   _AD0TM          BIT 0xee
0000            334   _AD0INT         BIT 0xed
0000            335   _AD0BUSY        BIT 0xec
0000            336   _AD0WINT        BIT 0xeb
0000            337   _AD0CM2         BIT 0xea
0000            338   _AD0CM1         BIT 0xe9
0000            339   _AD0CM0         BIT 0xe8
0000            340   _B_7            BIT 0xf7
0000            341   _B_6            BIT 0xf6
0000            342   _B_5            BIT 0xf5
0000            343   _B_4            BIT 0xf4
0000            344   _B_3            BIT 0xf3
0000            345   _B_2            BIT 0xf2
0000            346   _B_1            BIT 0xf1
0000            347   _B_0            BIT 0xf0
0000            348   _SPIF           BIT 0xff
0000            349   _WCOL           BIT 0xfe
0000            350   _MODF           BIT 0xfd
0000            351   _RXOVRN         BIT 0xfc
0000            352   _NSSMD1         BIT 0xfb
0000            353   _NSSMD0         BIT 0xfa
0000            354   _TXBMT          BIT 0xf9
0000            355   _SPIEN          BIT 0xf8
0000            356   ;--------------------------------------------------------
0000            357   ; overlayable register banks
0000            358   ;--------------------------------------------------------
0000            359            rbank0 segment data overlay
0000            360   ;--------------------------------------------------------
0000            361   ; internal ram data
0000            362   ;--------------------------------------------------------
0000            363            rseg R_DSEG
0000            364   _overflow_count:
0000            365            ds 1
0001            366   ;--------------------------------------------------------
0001            367   ; overlayable items in internal ram 
0001            368   ;--------------------------------------------------------
0000            369            rseg R_OSEG
0000            370   ;--------------------------------------------------------
0000            371   ; indirectly addressable internal ram data
0000            372   ;--------------------------------------------------------
0000            373            rseg R_ISEG
0000            374   ;--------------------------------------------------------
0000            375   ; absolute internal ram data
0000            376   ;--------------------------------------------------------
0000            377            DSEG
0000            378   ;--------------------------------------------------------
0000            379   ; bit data
0000            380   ;--------------------------------------------------------
0000            381            rseg R_BSEG
0000            382   ;--------------------------------------------------------
0000            383   ; paged external ram data
0000            384   ;--------------------------------------------------------
0000            385            rseg R_PSEG
0000            386   ;--------------------------------------------------------
0000            387   ; external ram data
0000            388   ;--------------------------------------------------------
0000            389            rseg R_XSEG
0000            390   ;--------------------------------------------------------
0000            391   ; absolute external ram data
0000            392   ;--------------------------------------------------------
0000            393            XSEG
0000            394   ;--------------------------------------------------------
0000            395   ; external initialized ram data
0000            396   ;--------------------------------------------------------
0000            397            rseg R_IXSEG
0000            398            rseg R_HOME
0000            399            rseg R_GSINIT
0000            400            rseg R_CSEG
0000            401   ;--------------------------------------------------------
0000            402   ; Reset entry point and interrupt vectors
0000            403   ;--------------------------------------------------------
0000            404            CSEG at 0x0000
0000 020100     405            ljmp    _crt0
0003            406   ;--------------------------------------------------------
0003            407   ; global & static initialisations
0003            408   ;--------------------------------------------------------
0000            409            rseg R_HOME
0000            410            rseg R_GSINIT
0000            411            rseg R_GSINIT
0000            412   ;--------------------------------------------------------
0000            413   ; data variables initialization
0000            414   ;--------------------------------------------------------
0000            415            rseg R_DINIT
0000            416            ; The linker places a 'ret' at the end of segment R_DINIT.
0000            417   ;--------------------------------------------------------
0000            418   ; code
0000            419   ;--------------------------------------------------------
0000            420            rseg R_CSEG
0000            421   ;------------------------------------------------------------
0000            422   ;Allocation info for local variables in function 'PORT_Init'
0000            423   ;------------------------------------------------------------
0000            424   ;------------------------------------------------------------
0000            425   ;        C:\Users\Eric\OneDrive\ELEC 291\Module 4\PeriodF38x.c:16: void PORT_Init (void)
0000            426   ;        -----------------------------------------
0000            427   ;         function PORT_Init
0000            428   ;        -----------------------------------------
0000            429   _PORT_Init:
0000            430            using   0
0000            431   ;        C:\Users\Eric\OneDrive\ELEC 291\Module 4\PeriodF38x.c:18: P0MDOUT |= 0x10; // Enable UART TX as push-pull output
0000 43A410     432            orl     _P0MDOUT,#0x10
0003            433   ;        C:\Users\Eric\OneDrive\ELEC 291\Module 4\PeriodF38x.c:19: XBR0=0b_0000_0001; // Enable UART on P0.4(TX) and P0.5(RX)                    
0003 75E101     434            mov     _XBR0,#0x01
0006            435   ;        C:\Users\Eric\OneDrive\ELEC 291\Module 4\PeriodF38x.c:20: XBR1=0b_0101_0000; // Enable crossbar.  Enable T0 input.
0006 75E250     436            mov     _XBR1,#0x50
0009            437   ;        C:\Users\Eric\OneDrive\ELEC 291\Module 4\PeriodF38x.c:21: XBR2=0b_0000_0000;
0009 75E300     438            mov     _XBR2,#0x00
000C 22         439            ret
000D            440   ;------------------------------------------------------------
000D            441   ;Allocation info for local variables in function 'SYSCLK_Init'
000D            442   ;------------------------------------------------------------
000D            443   ;------------------------------------------------------------
000D            444   ;        C:\Users\Eric\OneDrive\ELEC 291\Module 4\PeriodF38x.c:24: void SYSCLK_Init (void)
000D            445   ;        -----------------------------------------
000D            446   ;         function SYSCLK_Init
000D            447   ;        -----------------------------------------
000D            448   _SYSCLK_Init:
000D            449   ;        C:\Users\Eric\OneDrive\ELEC 291\Module 4\PeriodF38x.c:32: CLKSEL|=0b_0000_0011; // SYSCLK derived from the Internal High-Frequency Oscillator / 1.
000D 43A903     450            orl     _CLKSEL,#0x03
0010            451   ;        C:\Users\Eric\OneDrive\ELEC 291\Module 4\PeriodF38x.c:36: OSCICN |= 0x03;   // Configure internal oscillator for its maximum frequency
0010 43B203     452            orl     _OSCICN,#0x03
0013            453   ;        C:\Users\Eric\OneDrive\ELEC 291\Module 4\PeriodF38x.c:37: RSTSRC  = 0x04;   // Enable missing clock detector
0013 75EF04     454            mov     _RSTSRC,#0x04
0016 22         455            ret
0017            456   ;------------------------------------------------------------
0017            457   ;Allocation info for local variables in function 'UART0_Init'
0017            458   ;------------------------------------------------------------
0017            459   ;------------------------------------------------------------
0017            460   ;        C:\Users\Eric\OneDrive\ELEC 291\Module 4\PeriodF38x.c:40: void UART0_Init (void)
0017            461   ;        -----------------------------------------
0017            462   ;         function UART0_Init
0017            463   ;        -----------------------------------------
0017            464   _UART0_Init:
0017            465   ;        C:\Users\Eric\OneDrive\ELEC 291\Module 4\PeriodF38x.c:42: SCON0 = 0x10;
0017 759810     466            mov     _SCON0,#0x10
001A            467   ;        C:\Users\Eric\OneDrive\ELEC 291\Module 4\PeriodF38x.c:45: TH1 = 0x10000-((SYSCLK/BAUDRATE)/2L);
001A 758D30     468            mov     _TH1,#0x30
001D            469   ;        C:\Users\Eric\OneDrive\ELEC 291\Module 4\PeriodF38x.c:46: CKCON &= ~0x0B;                  // T1M = 1; SCA1:0 = xx
001D 538EF4     470            anl     _CKCON,#0xF4
0020            471   ;        C:\Users\Eric\OneDrive\ELEC 291\Module 4\PeriodF38x.c:47: CKCON |=  0x08;
0020 438E08     472            orl     _CKCON,#0x08
0023            473   ;        C:\Users\Eric\OneDrive\ELEC 291\Module 4\PeriodF38x.c:60: TL1 = TH1;      // Init Timer1
0023 858D8B     474            mov     _TL1,_TH1
0026            475   ;        C:\Users\Eric\OneDrive\ELEC 291\Module 4\PeriodF38x.c:61: TMOD &= ~0xf0;  // TMOD: timer 1 in 8-bit autoreload
0026 53890F     476            anl     _TMOD,#0x0F
0029            477   ;        C:\Users\Eric\OneDrive\ELEC 291\Module 4\PeriodF38x.c:62: TMOD |=  0x20;                       
0029 438920     478            orl     _TMOD,#0x20
002C            479   ;        C:\Users\Eric\OneDrive\ELEC 291\Module 4\PeriodF38x.c:63: TR1 = 1; // START Timer1
002C D28E       480            setb    _TR1
002E            481   ;        C:\Users\Eric\OneDrive\ELEC 291\Module 4\PeriodF38x.c:64: TI = 1;  // Indicate TX0 ready
002E D299       482            setb    _TI
0030 22         483            ret
0031            484   ;------------------------------------------------------------
0031            485   ;Allocation info for local variables in function 'TIMER0_Init'
0031            486   ;------------------------------------------------------------
0031            487   ;------------------------------------------------------------
0031            488   ;        C:\Users\Eric\OneDrive\ELEC 291\Module 4\PeriodF38x.c:67: void TIMER0_Init(void)
0031            489   ;        -----------------------------------------
0031            490   ;         function TIMER0_Init
0031            491   ;        -----------------------------------------
0031            492   _TIMER0_Init:
0031            493   ;        C:\Users\Eric\OneDrive\ELEC 291\Module 4\PeriodF38x.c:69: TMOD&=0b_1111_0000; // Set the bits of Timer/Counter 0 to zero
0031 5389F0     494            anl     _TMOD,#0xF0
0034            495   ;        C:\Users\Eric\OneDrive\ELEC 291\Module 4\PeriodF38x.c:70: TMOD|=0b_0000_0001; // Timer/Counter 0 used as a 16-bit timer
0034 438901     496            orl     _TMOD,#0x01
0037            497   ;        C:\Users\Eric\OneDrive\ELEC 291\Module 4\PeriodF38x.c:71: TR0=0; // Stop Timer/Counter 0
0037 C28C       498            clr     _TR0
0039 22         499            ret
003A            500   ;------------------------------------------------------------
003A            501   ;Allocation info for local variables in function 'main'
003A            502   ;------------------------------------------------------------
003A            503   ;period                    Allocated to registers r2 r3 r4 r5 
003A            504   ;------------------------------------------------------------
003A            505   ;        C:\Users\Eric\OneDrive\ELEC 291\Module 4\PeriodF38x.c:74: void main (void) 
003A            506   ;        -----------------------------------------
003A            507   ;         function main
003A            508   ;        -----------------------------------------
003A            509   _main:
003A            510   ;        C:\Users\Eric\OneDrive\ELEC 291\Module 4\PeriodF38x.c:78: PCA0MD &= ~0x40; // WDTE = 0 (clear watchdog timer enable)
003A 53D9BF     511            anl     _PCA0MD,#0xBF
003D            512   ;        C:\Users\Eric\OneDrive\ELEC 291\Module 4\PeriodF38x.c:79: PORT_Init();     // Initialize Port I/O
003D 120100     513            lcall   _PORT_Init
0040            514   ;        C:\Users\Eric\OneDrive\ELEC 291\Module 4\PeriodF38x.c:80: SYSCLK_Init ();  // Initialize Oscillator
0040 120100     515            lcall   _SYSCLK_Init
0043            516   ;        C:\Users\Eric\OneDrive\ELEC 291\Module 4\PeriodF38x.c:81: UART0_Init();    // Initialize UART0
0043 120100     517            lcall   _UART0_Init
0046            518   ;        C:\Users\Eric\OneDrive\ELEC 291\Module 4\PeriodF38x.c:82: TIMER0_Init();
0046 120100     519            lcall   _TIMER0_Init
0049            520   ;        C:\Users\Eric\OneDrive\ELEC 291\Module 4\PeriodF38x.c:84: printf("\x1b[2J"); // Clear screen using ANSI escape sequence.
0049 74C8       521            mov     a,#__str_0
004B C0E0       522            push    acc
004D 7493       523            mov     a,#(__str_0 >> 8)
004F C0E0       524            push    acc
0051 7480       525            mov     a,#0x80
0053 C0E0       526            push    acc
0055 120100     527            lcall   _printf
0058 1581       528            dec     sp
005A 1581       529            dec     sp
005C 1581       530            dec     sp
005E            531   ;        C:\Users\Eric\OneDrive\ELEC 291\Module 4\PeriodF38x.c:89: __FILE__, __DATE__, __TIME__);
005E            532   ;        C:\Users\Eric\OneDrive\ELEC 291\Module 4\PeriodF38x.c:88: "Compiled: %s, %s\n\n",
005E 74C8       533            mov     a,#__str_4
0060 C0E0       534            push    acc
0062 7494       535            mov     a,#(__str_4 >> 8)
0064 C0E0       536            push    acc
0066 7480       537            mov     a,#0x80
0068 C0E0       538            push    acc
006A 7408       539            mov     a,#__str_3
006C C0E0       540            push    acc
006E 7495       541            mov     a,#(__str_3 >> 8)
0070 C0E0       542            push    acc
0072 7480       543            mov     a,#0x80
0074 C0E0       544            push    acc
0076 7448       545            mov     a,#__str_2
0078 C0E0       546            push    acc
007A 7495       547            mov     a,#(__str_2 >> 8)
007C C0E0       548            push    acc
007E 7480       549            mov     a,#0x80
0080 C0E0       550            push    acc
0082 7488       551            mov     a,#__str_1
0084 C0E0       552            push    acc
0086 7495       553            mov     a,#(__str_1 >> 8)
0088 C0E0       554            push    acc
008A 7480       555            mov     a,#0x80
008C C0E0       556            push    acc
008E 120100     557            lcall   _printf
0091 E581       558            mov     a,sp
0093 24F4       559            add     a,#0xf4
0095 F581       560            mov     sp,a
0097            561   ;        C:\Users\Eric\OneDrive\ELEC 291\Module 4\PeriodF38x.c:91: while (1)
0097            562   L006018?:
0097            563   ;        C:\Users\Eric\OneDrive\ELEC 291\Module 4\PeriodF38x.c:94: TL0=0; 
0097 758A00     564            mov     _TL0,#0x00
009A            565   ;        C:\Users\Eric\OneDrive\ELEC 291\Module 4\PeriodF38x.c:95: TH0=0;
009A 758C00     566            mov     _TH0,#0x00
009D            567   ;        C:\Users\Eric\OneDrive\ELEC 291\Module 4\PeriodF38x.c:96: TF0=0;
009D C28D       568            clr     _TF0
009F            569   ;        C:\Users\Eric\OneDrive\ELEC 291\Module 4\PeriodF38x.c:97: overflow_count=0;
009F 758000     570            mov     _overflow_count,#0x00
00A2            571   ;        C:\Users\Eric\OneDrive\ELEC 291\Module 4\PeriodF38x.c:99: while(P0_1!=0); // Wait for the signal to be zero
00A2            572   L006001?:
00A2 208108     573            jb      _P0_1,L006001?
00A5            574   ;        C:\Users\Eric\OneDrive\ELEC 291\Module 4\PeriodF38x.c:100: while(P0_1!=1); // Wait for the signal to be one
00A5            575   L006004?:
00A5 308148     576            jnb     _P0_1,L006004?
00A8            577   ;        C:\Users\Eric\OneDrive\ELEC 291\Module 4\PeriodF38x.c:101: TR0=1; // Start the timer
00A8 D28C       578            setb    _TR0
00AA            579   ;        C:\Users\Eric\OneDrive\ELEC 291\Module 4\PeriodF38x.c:102: while(P0_1!=0) // Wait for the signal to be zero
00AA            580   L006009?:
00AA 3081C8     581            jnb     _P0_1,L006014?
00AD            582   ;        C:\Users\Eric\OneDrive\ELEC 291\Module 4\PeriodF38x.c:104: if(TF0==1) // Did the 16-bit timer overflow?
00AD            583   ;        C:\Users\Eric\OneDrive\ELEC 291\Module 4\PeriodF38x.c:106: TF0=0;
00AD 108D08     584            jbc     _TF0,L006035?
00B0 8001       585            sjmp    L006009?
00B2            586   L006035?:
00B2            587   ;        C:\Users\Eric\OneDrive\ELEC 291\Module 4\PeriodF38x.c:107: overflow_count++;
00B2 0580       588            inc     _overflow_count
00B4            589   ;        C:\Users\Eric\OneDrive\ELEC 291\Module 4\PeriodF38x.c:110: while(P0_1!=1) // Wait for the signal to be one
00B4 8001       590            sjmp    L006009?
00B6            591   L006014?:
00B6 208148     592            jb      _P0_1,L006016?
00B9            593   ;        C:\Users\Eric\OneDrive\ELEC 291\Module 4\PeriodF38x.c:112: if(TF0==1) // Did the 16-bit timer overflow?
00B9            594   ;        C:\Users\Eric\OneDrive\ELEC 291\Module 4\PeriodF38x.c:114: TF0=0;
00B9 108D88     595            jbc     _TF0,L006037?
00BC 8001       596            sjmp    L006014?
00BE            597   L006037?:
00BE            598   ;        C:\Users\Eric\OneDrive\ELEC 291\Module 4\PeriodF38x.c:115: overflow_count++;
00BE 0580       599            inc     _overflow_count
00C0 8001       600            sjmp    L006014?
00C2            601   L006016?:
00C2            602   ;        C:\Users\Eric\OneDrive\ELEC 291\Module 4\PeriodF38x.c:118: TR0=0; // Stop timer 0, the 24-bit number [overflow_count-TH0-TL0] has the period!
00C2 C28C       603            clr     _TR0
00C4            604   ;        C:\Users\Eric\OneDrive\ELEC 291\Module 4\PeriodF38x.c:119: period=(overflow_count*65536.0+TH0*256.0+TL0)*(12.0/SYSCLK);
00C4 858082     605            mov     dpl,_overflow_count
00C7 120100     606            lcall   ___uchar2fs
00CA AA82       607            mov     r2,dpl
00CC AB83       608            mov     r3,dph
00CE ACF0       609            mov     r4,b
00D0 FD         610            mov     r5,a
00D1 C002       611            push    ar2
00D3 C003       612            push    ar3
00D5 C004       613            push    ar4
00D7 C005       614            push    ar5
00D9 900000     615            mov     dptr,#0x0000
00DC 75F080     616            mov     b,#0x80
00DF 7447       617            mov     a,#0x47
00E1 120100     618            lcall   ___fsmul
00E4 AA82       619            mov     r2,dpl
00E6 AB83       620            mov     r3,dph
00E8 ACF0       621            mov     r4,b
00EA FD         622            mov     r5,a
00EB E581       623            mov     a,sp
00ED 24FC       624            add     a,#0xfc
00EF F581       625            mov     sp,a
00F1 858C82     626            mov     dpl,_TH0
00F4 C002       627            push    ar2
00F6 C003       628            push    ar3
00F8 C004       629            push    ar4
00FA C005       630            push    ar5
00FC 120100     631            lcall   ___uchar2fs
00FF AE82       632            mov     r6,dpl
0101 AF83       633            mov     r7,dph
0103 A8F0       634            mov     r0,b
0105 F9         635            mov     r1,a
0106 C006       636            push    ar6
0108 C007       637            push    ar7
010A C000       638            push    ar0
010C C001       639            push    ar1
010E 900000     640            mov     dptr,#0x0000
0111 75F080     641            mov     b,#0x80
0114 7443       642            mov     a,#0x43
0116 120100     643            lcall   ___fsmul
0119 AE82       644            mov     r6,dpl
011B AF83       645            mov     r7,dph
011D A8F0       646            mov     r0,b
011F F9         647            mov     r1,a
0120 E581       648            mov     a,sp
0122 24FC       649            add     a,#0xfc
0124 F581       650            mov     sp,a
0126 D005       651            pop     ar5
0128 D004       652            pop     ar4
012A D003       653            pop     ar3
012C D002       654            pop     ar2
012E C006       655            push    ar6
0130 C007       656            push    ar7
0132 C000       657            push    ar0
0134 C001       658            push    ar1
0136 8A82       659            mov     dpl,r2
0138 8B83       660            mov     dph,r3
013A 8CF0       661            mov     b,r4
013C ED         662            mov     a,r5
013D 120100     663            lcall   ___fsadd
0140 AA82       664            mov     r2,dpl
0142 AB83       665            mov     r3,dph
0144 ACF0       666            mov     r4,b
0146 FD         667            mov     r5,a
0147 E581       668            mov     a,sp
0149 24FC       669            add     a,#0xfc
014B F581       670            mov     sp,a
014D AE8A       671            mov     r6,_TL0
014F 7F00       672            mov     r7,#0x00
0151 8E82       673            mov     dpl,r6
0153 8F83       674            mov     dph,r7
0155 C002       675            push    ar2
0157 C003       676            push    ar3
0159 C004       677            push    ar4
015B C005       678            push    ar5
015D 120100     679            lcall   ___sint2fs
0160 AE82       680            mov     r6,dpl
0162 AF83       681            mov     r7,dph
0164 A8F0       682            mov     r0,b
0166 F9         683            mov     r1,a
0167 D005       684            pop     ar5
0169 D004       685            pop     ar4
016B D003       686            pop     ar3
016D D002       687            pop     ar2
016F C006       688            push    ar6
0171 C007       689            push    ar7
0173 C000       690            push    ar0
0175 C001       691            push    ar1
0177 8A82       692            mov     dpl,r2
0179 8B83       693            mov     dph,r3
017B 8CF0       694            mov     b,r4
017D ED         695            mov     a,r5
017E 120100     696            lcall   ___fsadd
0181 AA82       697            mov     r2,dpl
0183 AB83       698            mov     r3,dph
0185 ACF0       699            mov     r4,b
0187 FD         700            mov     r5,a
0188 E581       701            mov     a,sp
018A 24FC       702            add     a,#0xfc
018C F581       703            mov     sp,a
018E C002       704            push    ar2
0190 C003       705            push    ar3
0192 C004       706            push    ar4
0194 C005       707            push    ar5
0196 9037BD     708            mov     dptr,#0x37BD
0199 75F086     709            mov     b,#0x86
019C 7434       710            mov     a,#0x34
019E 120100     711            lcall   ___fsmul
01A1 AA82       712            mov     r2,dpl
01A3 AB83       713            mov     r3,dph
01A5 ACF0       714            mov     r4,b
01A7 FD         715            mov     r5,a
01A8 E581       716            mov     a,sp
01AA 24FC       717            add     a,#0xfc
01AC F581       718            mov     sp,a
01AE            719   ;        C:\Users\Eric\OneDrive\ELEC 291\Module 4\PeriodF38x.c:121: printf( "\rf=%fs" , period);
01AE C002       720            push    ar2
01B0 C003       721            push    ar3
01B2 C004       722            push    ar4
01B4 C005       723            push    ar5
01B6 7488       724            mov     a,#__str_5
01B8 C0E0       725            push    acc
01BA 7499       726            mov     a,#(__str_5 >> 8)
01BC C0E0       727            push    acc
01BE 7480       728            mov     a,#0x80
01C0 C0E0       729            push    acc
01C2 120100     730            lcall   _printf
01C5 E581       731            mov     a,sp
01C7 24F9       732            add     a,#0xf9
01C9 F581       733            mov     sp,a
01CB 020100     734            ljmp    L006018?
01CE            735            rseg R_CSEG
01CE            736   
0000            737            rseg R_XINIT
0000            738   
0000            739            rseg R_CONST
0000            740   __str_0:
0000 1B         741            db 0x1B
0001 5B324A     742            db '[2J'
0004 00         743            db 0x00
0005            744   __str_1:
0005 50657269   745            db 'Period measurement at pin P0.1 using Timer 0.'
     6F64206D
     65617375
     72656D65
     6E742061
     74207069
     6E205030
     2E312075
     73696E67
     2054696D
     65722030
     2E
0032 0A         746            db 0x0A
0033 46696C65   747            db 'File: %s'
     3A202573
003B 0A         748            db 0x0A
003C 436F6D70   749            db 'Compi'
     69
0041 6C65643A   750            db 'led: %s, %s'
     2025732C
     202573
004C 0A         751            db 0x0A
004D 0A         752            db 0x0A
004E 00         753            db 0x00
004F            754   __str_2:
004F 433A       755            db 'C:'
0051 5C         756            db 0x5C
0052 55736572   757            db 'Users'
     73
0057 5C         758            db 0x5C
0058 45726963   759            db 'Eric'
005C 5C         760            db 0x5C
005D 4F6E6544   761            db 'OneDrive'
     72697665
0065 5C         762            db 0x5C
0066 454C4543   763            db 'ELEC 291'
     20323931
006E 5C         764            db 0x5C
006F 4D6F6475   765            db 'Module 4'
     6C652034
0077 5C         766            db 0x5C
0078 50657269   767            db 'PeriodF38x.c'
     6F644633
     38782E63
0084 00         768            db 0x00
0085            769   __str_3:
0085 46656220   770            db 'Feb 26 2017'
     32362032
     303137
0090 00         771            db 0x00
0091            772   __str_4:
0091 31363A33   773            db '16:39:48'
     393A3438
0099 00         774            db 0x00
009A            775   __str_5:
009A 0D         776            db 0x0D
009B 663D2566   777            db 'f=%fs'
     73
00A0 00         778            db 0x00
00A1            779   
0003            780            CSEG
0003            781   
0003            782   end
